Using pre-set license
Built from '2022.3/staging' branch; Version is '2022.3.15f1 (b58023a2b463) revision 11894819'; Using compiler version '192829333'; Build Type 'Release'
OS: 'Windows 11  (10.0.22631) 64bit Professional' Language: 'en' Physical Memory: 16222 MB
BatchMode: 1, IsHumanControllingUs: 0, StartBugReporterOnCrash: 0, Is64bit: 1, IsPro: 1

COMMAND LINE ARGUMENTS:
C:\Program Files\Unity\Hub\Editor\2022.3.15f1\Editor\Unity.exe
-adb2
-batchMode
-noUpm
-name
AssetImportWorker2
-projectPath
C:/Users/User/Documents/GitHub/HeadShapeInspector/HeadShapeInspector
-logFile
Logs/AssetImportWorker2.log
-srvPort
63735
Successfully changed project path to: C:/Users/User/Documents/GitHub/HeadShapeInspector/HeadShapeInspector
C:/Users/User/Documents/GitHub/HeadShapeInspector/HeadShapeInspector
[UnityMemory] Configuration Parameters - Can be set up in boot.config
    "memorysetup-bucket-allocator-granularity=16"
    "memorysetup-bucket-allocator-bucket-count=8"
    "memorysetup-bucket-allocator-block-size=33554432"
    "memorysetup-bucket-allocator-block-count=8"
    "memorysetup-main-allocator-block-size=16777216"
    "memorysetup-thread-allocator-block-size=16777216"
    "memorysetup-gfx-main-allocator-block-size=16777216"
    "memorysetup-gfx-thread-allocator-block-size=16777216"
    "memorysetup-cache-allocator-block-size=4194304"
    "memorysetup-typetree-allocator-block-size=2097152"
    "memorysetup-profiler-bucket-allocator-granularity=16"
    "memorysetup-profiler-bucket-allocator-bucket-count=8"
    "memorysetup-profiler-bucket-allocator-block-size=33554432"
    "memorysetup-profiler-bucket-allocator-block-count=8"
    "memorysetup-profiler-allocator-block-size=16777216"
    "memorysetup-profiler-editor-allocator-block-size=1048576"
    "memorysetup-temp-allocator-size-main=16777216"
    "memorysetup-job-temp-allocator-block-size=2097152"
    "memorysetup-job-temp-allocator-block-size-background=1048576"
    "memorysetup-job-temp-allocator-reduction-small-platforms=262144"
    "memorysetup-allocator-temp-initial-block-size-main=262144"
    "memorysetup-allocator-temp-initial-block-size-worker=262144"
    "memorysetup-temp-allocator-size-background-worker=32768"
    "memorysetup-temp-allocator-size-job-worker=262144"
    "memorysetup-temp-allocator-size-preload-manager=33554432"
    "memorysetup-temp-allocator-size-nav-mesh-worker=65536"
    "memorysetup-temp-allocator-size-audio-worker=65536"
    "memorysetup-temp-allocator-size-cloud-worker=32768"
    "memorysetup-temp-allocator-size-gi-baking-worker=262144"
    "memorysetup-temp-allocator-size-gfx=262144"
Player connection [7636] Host "[IP] 192.168.8.103 [Port] 0 [Flags] 2 [Guid] 1033687034 [EditorId] 1033687034 [Version] 1048832 [Id] WindowsEditor(7,Piotr-Laptop) [Debug] 1 [PackageName] WindowsEditor [ProjectName] Editor" joined multi-casting on [225.0.0.222:54997]...

Player connection [7636] Host "[IP] 192.168.8.103 [Port] 0 [Flags] 2 [Guid] 1033687034 [EditorId] 1033687034 [Version] 1048832 [Id] WindowsEditor(7,Piotr-Laptop) [Debug] 1 [PackageName] WindowsEditor [ProjectName] Editor" joined alternative multi-casting on [225.0.0.222:34997]...

[Physics::Module] Initialized MultithreadedJobDispatcher with 11 workers.
Refreshing native plugins compatible for Editor in 29.33 ms, found 3 plugins.
Preloading 0 native plugins for Editor in 0.00 ms.
Initialize engine version: 2022.3.15f1 (b58023a2b463)
[Subsystems] Discovering subsystems at path C:/Program Files/Unity/Hub/Editor/2022.3.15f1/Editor/Data/Resources/UnitySubsystems
[Subsystems] Discovering subsystems at path C:/Users/User/Documents/GitHub/HeadShapeInspector/HeadShapeInspector/Assets
GfxDevice: creating device client; threaded=0; jobified=0
Direct3D:
    Version:  Direct3D 11.0 [level 11.1]
    Renderer: NVIDIA GeForce RTX 2080 Super (ID=0x1ed3)
    Vendor:   NVIDIA
    VRAM:     8002 MB
    Driver:   31.0.15.4626
Initialize mono
Mono path[0] = 'C:/Program Files/Unity/Hub/Editor/2022.3.15f1/Editor/Data/Managed'
Mono path[1] = 'C:/Program Files/Unity/Hub/Editor/2022.3.15f1/Editor/Data/MonoBleedingEdge/lib/mono/unityjit-win32'
Mono config path = 'C:/Program Files/Unity/Hub/Editor/2022.3.15f1/Editor/Data/MonoBleedingEdge/etc'
Using monoOptions --debugger-agent=transport=dt_socket,embedding=1,server=y,suspend=n,address=127.0.0.1:56960
Begin MonoManager ReloadAssembly
Registering precompiled unity dll's ...
Register platform support module: C:/Program Files/Unity/Hub/Editor/2022.3.15f1/Editor/Data/PlaybackEngines/AndroidPlayer/UnityEditor.Android.Extensions.dll
Register platform support module: C:/Program Files/Unity/Hub/Editor/2022.3.15f1/Editor/Data/PlaybackEngines/iOSSupport/UnityEditor.iOS.Extensions.dll
Register platform support module: C:/Program Files/Unity/Hub/Editor/2022.3.15f1/Editor/Data/PlaybackEngines/WindowsStandaloneSupport/UnityEditor.WindowsStandalone.Extensions.dll
Registered in 0.018538 seconds.
- Loaded All Assemblies, in  0.586 seconds
Native extension for WindowsStandalone target not found
[usbmuxd] Start listen thread
[usbmuxd] Listen thread started
[usbmuxd] Send listen message
Native extension for iOS target not found
Native extension for Android target not found
Mono: successfully reloaded assembly
- Finished resetting the current domain, in  0.475 seconds
Domain Reload Profiling: 1058ms
	BeginReloadAssembly (200ms)
		ExecutionOrderSort (0ms)
		DisableScriptedObjects (0ms)
		BackupInstance (0ms)
		ReleaseScriptingObjects (0ms)
		CreateAndSetChildDomain (1ms)
	RebuildCommonClasses (53ms)
	RebuildNativeTypeToScriptingClass (17ms)
	initialDomainReloadingComplete (95ms)
	LoadAllAssembliesAndSetupDomain (217ms)
		LoadAssemblies (196ms)
		RebuildTransferFunctionScriptingTraits (0ms)
		AnalyzeDomain (214ms)
			TypeCache.Refresh (212ms)
				TypeCache.ScanAssembly (193ms)
			ScanForSourceGeneratedMonoScriptInfo (1ms)
			ResolveRequiredComponents (1ms)
	FinalizeReload (476ms)
		ReleaseScriptCaches (0ms)
		RebuildScriptCaches (0ms)
		SetupLoadedEditorAssemblies (394ms)
			LogAssemblyErrors (0ms)
			InitializePlatformSupportModulesInManaged (152ms)
			SetLoadedEditorAssemblies (6ms)
			RefreshPlugins (0ms)
			BeforeProcessingInitializeOnLoad (3ms)
			ProcessInitializeOnLoadAttributes (164ms)
			ProcessInitializeOnLoadMethodAttributes (68ms)
			AfterProcessingInitializeOnLoad (0ms)
			EditorAssembliesLoaded (0ms)
		ExecutionOrderSort2 (0ms)
		AwakeInstancesAfterBackupRestoration (0ms)
========================================================================
Worker process is ready to serve import requests
Begin MonoManager ReloadAssembly
- Loaded All Assemblies, in  0.850 seconds
Refreshing native plugins compatible for Editor in 6.89 ms, found 3 plugins.
Native extension for WindowsStandalone target not found
Native extension for iOS target not found
Native extension for Android target not found
Package Manager log level set to [2]
[Package Manager] Server::EnsureServerProcessIsRunning -- launch failed, reason: Unity was launched with the -noUpm command-line argument
[Package Manager] UpmClient::Send -- Unable to send message (not connected to UPM process).
[Package Manager] Cannot connect to Unity Package Manager local server
Mono: successfully reloaded assembly
[Package Manager] Server::EnsureServerProcessIsRunning -- launch failed, reason: Unity was launched with the -noUpm command-line argument
[Package Manager] UpmClient::Send -- Unable to send message (not connected to UPM process).
[Package Manager] Cannot connect to Unity Package Manager local server
[Package Manager] Server::EnsureServerProcessIsRunning -- launch failed, reason: Unity was launched with the -noUpm command-line argument
[Package Manager] UpmClient::Send -- Unable to send message (not connected to UPM process).
[Package Manager] Cannot connect to Unity Package Manager local server
- Finished resetting the current domain, in  0.812 seconds
Domain Reload Profiling: 1658ms
	BeginReloadAssembly (204ms)
		ExecutionOrderSort (0ms)
		DisableScriptedObjects (7ms)
		BackupInstance (0ms)
		ReleaseScriptingObjects (0ms)
		CreateAndSetChildDomain (29ms)
	RebuildCommonClasses (52ms)
	RebuildNativeTypeToScriptingClass (17ms)
	initialDomainReloadingComplete (50ms)
	LoadAllAssembliesAndSetupDomain (523ms)
		LoadAssemblies (437ms)
		RebuildTransferFunctionScriptingTraits (0ms)
		AnalyzeDomain (209ms)
			TypeCache.Refresh (181ms)
				TypeCache.ScanAssembly (159ms)
			ScanForSourceGeneratedMonoScriptInfo (20ms)
			ResolveRequiredComponents (7ms)
	FinalizeReload (813ms)
		ReleaseScriptCaches (0ms)
		RebuildScriptCaches (0ms)
		SetupLoadedEditorAssemblies (580ms)
			LogAssemblyErrors (0ms)
			InitializePlatformSupportModulesInManaged (46ms)
			SetLoadedEditorAssemblies (5ms)
			RefreshPlugins (0ms)
			BeforeProcessingInitializeOnLoad (101ms)
			ProcessInitializeOnLoadAttributes (388ms)
			ProcessInitializeOnLoadMethodAttributes (30ms)
			AfterProcessingInitializeOnLoad (10ms)
			EditorAssembliesLoaded (0ms)
		ExecutionOrderSort2 (0ms)
		AwakeInstancesAfterBackupRestoration (8ms)
Launched and connected shader compiler UnityShaderCompiler.exe after 0.07 seconds
Refreshing native plugins compatible for Editor in 12.78 ms, found 3 plugins.
Preloading 0 native plugins for Editor in 0.00 ms.
Unloading 3205 Unused Serialized files (Serialized files now loaded: 0)
Unloading 42 unused Assets / (62.1 KB). Loaded Objects now: 3680.
Memory consumption went from 139.5 MB to 139.4 MB.
Total: 7.684800 ms (FindLiveObjects: 0.434400 ms CreateObjectMapping: 0.433800 ms MarkObjects: 6.626500 ms  DeleteObjects: 0.188600 ms)

AssetImportParameters requested are different than current active one (requested -> active):
  custom:container-demuxer-ogg: 62fdf1f143b41e24485cea50d1cbac27 -> 
  custom:video-decoder-ogg-theora: a1e56fd34408186e4bbccfd4996cb3dc -> 
  custom:framework-win-MediaFoundation: 216162199b28c13a410421893ffa2e32 -> 
  custom:CustomObjectIndexerAttribute: 43b350a4d6e6d1791af0b5038c4bea17 -> 
  custom:container-demuxer-webm: 4f35f7cbe854078d1ac9338744f61a02 -> 
  custom:container-muxer-webm: aa71ff27fc2769a1b78a27578f13a17b -> 
  custom:video-decoder-webm-vp8: 9c59270c3fd7afecdb556c50c9e8de78 -> 
  custom:SearchIndexIgnoredProperties: e643bd26f0fe6173181afceb89e7c659 -> 
  custom:AudioImporter_EditorPlatform: d09bf68614088b80899f8185d706f6e7 -> 
  custom:video-encoder-webm-vp8: eb34c28f22e8b96e1ab97ce403110664 -> 
  custom:audio-decoder-ogg-vorbis: bf7c407c2cedff20999df2af8eb42d56 -> 
  custom:audio-encoder-webm-vorbis: bf7c407c2cedff20999df2af8eb42d56 -> 
========================================================================
Received Import Request.
  Time since last request: 7219.844259 seconds.
  path: Assets/Prefabs/Deformity.prefab
  artifactKey: Guid(287bd32fa5d85e54d9018ce3b5f4ff7e) Importer(815301076,1909f56bfc062723c751e8b465ee728b)
Start importing Assets/Prefabs/Deformity.prefab using Guid(287bd32fa5d85e54d9018ce3b5f4ff7e) Importer(815301076,1909f56bfc062723c751e8b465ee728b)  -> (artifact id: '9fb7331bc4590956ec96d900153dae4b') in 0.042272 seconds
Number of updated asset objects reloaded before import = 0
Number of asset objects unloaded after import = 75
========================================================================
Received Import Request.
  Time since last request: 3.395457 seconds.
  path: Assets/Prefabs/Deformity.prefab
  artifactKey: Guid(287bd32fa5d85e54d9018ce3b5f4ff7e) Importer(815301076,1909f56bfc062723c751e8b465ee728b)
Start importing Assets/Prefabs/Deformity.prefab using Guid(287bd32fa5d85e54d9018ce3b5f4ff7e) Importer(815301076,1909f56bfc062723c751e8b465ee728b)  -> (artifact id: '2e52a12b0692c373921168fee2d2e475') in 0.006010 seconds
Number of updated asset objects reloaded before import = 0
Number of asset objects unloaded after import = 75
========================================================================
Received Import Request.
  Time since last request: 1.394759 seconds.
  path: Assets/Prefabs/Deformity.prefab
  artifactKey: Guid(287bd32fa5d85e54d9018ce3b5f4ff7e) Importer(815301076,1909f56bfc062723c751e8b465ee728b)
Start importing Assets/Prefabs/Deformity.prefab using Guid(287bd32fa5d85e54d9018ce3b5f4ff7e) Importer(815301076,1909f56bfc062723c751e8b465ee728b)  -> (artifact id: 'fcd2ad628a18c4ce67734f0db00ae553') in 0.005091 seconds
Number of updated asset objects reloaded before import = 0
Number of asset objects unloaded after import = 75
========================================================================
Received Import Request.
  Time since last request: 30.693838 seconds.
  path: Assets/Prefabs/Deformity.prefab
  artifactKey: Guid(287bd32fa5d85e54d9018ce3b5f4ff7e) Importer(815301076,1909f56bfc062723c751e8b465ee728b)
Start importing Assets/Prefabs/Deformity.prefab using Guid(287bd32fa5d85e54d9018ce3b5f4ff7e) Importer(815301076,1909f56bfc062723c751e8b465ee728b)  -> (artifact id: '2b7804829557d055fac8384174b31044') in 0.007817 seconds
Number of updated asset objects reloaded before import = 0
Number of asset objects unloaded after import = 84
========================================================================
Received Import Request.
  Time since last request: 7.670050 seconds.
  path: Assets/Prefabs/Deformity.prefab
  artifactKey: Guid(287bd32fa5d85e54d9018ce3b5f4ff7e) Importer(815301076,1909f56bfc062723c751e8b465ee728b)
Start importing Assets/Prefabs/Deformity.prefab using Guid(287bd32fa5d85e54d9018ce3b5f4ff7e) Importer(815301076,1909f56bfc062723c751e8b465ee728b)  -> (artifact id: 'c269252251ebdb85d8bf7d822715f8bd') in 0.006741 seconds
Number of updated asset objects reloaded before import = 0
Number of asset objects unloaded after import = 84
========================================================================
Received Import Request.
  Time since last request: 3.366819 seconds.
  path: Assets/Prefabs/Deformity.prefab
  artifactKey: Guid(287bd32fa5d85e54d9018ce3b5f4ff7e) Importer(815301076,1909f56bfc062723c751e8b465ee728b)
Start importing Assets/Prefabs/Deformity.prefab using Guid(287bd32fa5d85e54d9018ce3b5f4ff7e) Importer(815301076,1909f56bfc062723c751e8b465ee728b)  -> (artifact id: '06ea6a6088a8145715ac1d92ca630f11') in 0.006211 seconds
Number of updated asset objects reloaded before import = 0
Number of asset objects unloaded after import = 84
========================================================================
Received Import Request.
  Time since last request: 1.720520 seconds.
  path: Assets/Prefabs/Deformity.prefab
  artifactKey: Guid(287bd32fa5d85e54d9018ce3b5f4ff7e) Importer(815301076,1909f56bfc062723c751e8b465ee728b)
Start importing Assets/Prefabs/Deformity.prefab using Guid(287bd32fa5d85e54d9018ce3b5f4ff7e) Importer(815301076,1909f56bfc062723c751e8b465ee728b)  -> (artifact id: 'ad736162afb85ff762775dfccada46d7') in 0.007208 seconds
Number of updated asset objects reloaded before import = 0
Number of asset objects unloaded after import = 79
========================================================================
Received Import Request.
  Time since last request: 29.791816 seconds.
  path: Assets/Prefabs/Deformity.prefab
  artifactKey: Guid(287bd32fa5d85e54d9018ce3b5f4ff7e) Importer(815301076,1909f56bfc062723c751e8b465ee728b)
Start importing Assets/Prefabs/Deformity.prefab using Guid(287bd32fa5d85e54d9018ce3b5f4ff7e) Importer(815301076,1909f56bfc062723c751e8b465ee728b)  -> (artifact id: 'de74721eeb71fb8415a44c98e43e6d9c') in 0.004975 seconds
Number of updated asset objects reloaded before import = 0
Number of asset objects unloaded after import = 88
========================================================================
Received Import Request.
  Time since last request: 2.191622 seconds.
  path: Assets/Prefabs/Deformity.prefab
  artifactKey: Guid(287bd32fa5d85e54d9018ce3b5f4ff7e) Importer(815301076,1909f56bfc062723c751e8b465ee728b)
Start importing Assets/Prefabs/Deformity.prefab using Guid(287bd32fa5d85e54d9018ce3b5f4ff7e) Importer(815301076,1909f56bfc062723c751e8b465ee728b)  -> (artifact id: 'e4e44ad0d95101d4d08479f846180dcb') in 0.004520 seconds
Number of updated asset objects reloaded before import = 0
Number of asset objects unloaded after import = 88
========================================================================
Received Import Request.
  Time since last request: 13.394449 seconds.
  path: Assets/Prefabs/Deformity.prefab
  artifactKey: Guid(287bd32fa5d85e54d9018ce3b5f4ff7e) Importer(815301076,1909f56bfc062723c751e8b465ee728b)
Start importing Assets/Prefabs/Deformity.prefab using Guid(287bd32fa5d85e54d9018ce3b5f4ff7e) Importer(815301076,1909f56bfc062723c751e8b465ee728b)  -> (artifact id: 'a66149e8387b21c13c3cd14560970cc4') in 0.005153 seconds
Number of updated asset objects reloaded before import = 0
Number of asset objects unloaded after import = 88
========================================================================
Received Import Request.
  Time since last request: 2.053462 seconds.
  path: Assets/Prefabs/Deformity.prefab
  artifactKey: Guid(287bd32fa5d85e54d9018ce3b5f4ff7e) Importer(815301076,1909f56bfc062723c751e8b465ee728b)
Start importing Assets/Prefabs/Deformity.prefab using Guid(287bd32fa5d85e54d9018ce3b5f4ff7e) Importer(815301076,1909f56bfc062723c751e8b465ee728b)  -> (artifact id: 'a6d298d2048b44272044b6d8e386b6be') in 0.006592 seconds
Number of updated asset objects reloaded before import = 0
Number of asset objects unloaded after import = 88
========================================================================
Received Import Request.
  Time since last request: 6.436537 seconds.
  path: Assets/Prefabs/Deformity.prefab
  artifactKey: Guid(287bd32fa5d85e54d9018ce3b5f4ff7e) Importer(815301076,1909f56bfc062723c751e8b465ee728b)
Start importing Assets/Prefabs/Deformity.prefab using Guid(287bd32fa5d85e54d9018ce3b5f4ff7e) Importer(815301076,1909f56bfc062723c751e8b465ee728b)  -> (artifact id: '3cc777598de3e2621ff9c6a0a37cdf57') in 0.005029 seconds
Number of updated asset objects reloaded before import = 0
Number of asset objects unloaded after import = 101
========================================================================
Received Import Request.
  Time since last request: 0.606038 seconds.
  path: Assets/Prefabs/Deformity.prefab
  artifactKey: Guid(287bd32fa5d85e54d9018ce3b5f4ff7e) Importer(815301076,1909f56bfc062723c751e8b465ee728b)
Start importing Assets/Prefabs/Deformity.prefab using Guid(287bd32fa5d85e54d9018ce3b5f4ff7e) Importer(815301076,1909f56bfc062723c751e8b465ee728b)  -> (artifact id: 'ee57288603d84b05734d956721c6afd2') in 0.005486 seconds
Number of updated asset objects reloaded before import = 0
Number of asset objects unloaded after import = 114
========================================================================
Received Import Request.
  Time since last request: 0.199892 seconds.
  path: Assets/Prefabs/Deformity.prefab
  artifactKey: Guid(287bd32fa5d85e54d9018ce3b5f4ff7e) Importer(815301076,1909f56bfc062723c751e8b465ee728b)
Start importing Assets/Prefabs/Deformity.prefab using Guid(287bd32fa5d85e54d9018ce3b5f4ff7e) Importer(815301076,1909f56bfc062723c751e8b465ee728b)  -> (artifact id: 'aeccb7131458a3352b800001f986dcb0') in 0.004202 seconds
Number of updated asset objects reloaded before import = 0
Number of asset objects unloaded after import = 127
========================================================================
Received Import Request.
  Time since last request: 0.590794 seconds.
  path: Assets/Prefabs/Deformity.prefab
  artifactKey: Guid(287bd32fa5d85e54d9018ce3b5f4ff7e) Importer(815301076,1909f56bfc062723c751e8b465ee728b)
Start importing Assets/Prefabs/Deformity.prefab using Guid(287bd32fa5d85e54d9018ce3b5f4ff7e) Importer(815301076,1909f56bfc062723c751e8b465ee728b)  -> (artifact id: '0d92733ce622510b92f2876226a71aa7') in 0.005229 seconds
Number of updated asset objects reloaded before import = 0
Number of asset objects unloaded after import = 140
========================================================================
Received Import Request.
  Time since last request: 5.494885 seconds.
  path: Assets/Prefabs/Deformity.prefab
  artifactKey: Guid(287bd32fa5d85e54d9018ce3b5f4ff7e) Importer(815301076,1909f56bfc062723c751e8b465ee728b)
Start importing Assets/Prefabs/Deformity.prefab using Guid(287bd32fa5d85e54d9018ce3b5f4ff7e) Importer(815301076,1909f56bfc062723c751e8b465ee728b)  -> (artifact id: '20913538f5a1e0c7f5b2624ee6acc981') in 0.007629 seconds
Number of updated asset objects reloaded before import = 0
Number of asset objects unloaded after import = 140
========================================================================
Received Import Request.
  Time since last request: 2.641172 seconds.
  path: Assets/Prefabs/Deformity.prefab
  artifactKey: Guid(287bd32fa5d85e54d9018ce3b5f4ff7e) Importer(815301076,1909f56bfc062723c751e8b465ee728b)
Start importing Assets/Prefabs/Deformity.prefab using Guid(287bd32fa5d85e54d9018ce3b5f4ff7e) Importer(815301076,1909f56bfc062723c751e8b465ee728b)  -> (artifact id: '8ad5283b087e5899e9a561e1e89f844c') in 0.006860 seconds
Number of updated asset objects reloaded before import = 0
Number of asset objects unloaded after import = 140
========================================================================
Received Import Request.
  Time since last request: 3.479782 seconds.
  path: Assets/Prefabs/Deformity.prefab
  artifactKey: Guid(287bd32fa5d85e54d9018ce3b5f4ff7e) Importer(815301076,1909f56bfc062723c751e8b465ee728b)
Start importing Assets/Prefabs/Deformity.prefab using Guid(287bd32fa5d85e54d9018ce3b5f4ff7e) Importer(815301076,1909f56bfc062723c751e8b465ee728b)  -> (artifact id: 'c2cbe49112b774c4f9ee5e19feb5c00e') in 0.004913 seconds
Number of updated asset objects reloaded before import = 0
Number of asset objects unloaded after import = 140
========================================================================
Received Import Request.
  Time since last request: 2.437867 seconds.
  path: Assets/Prefabs/Deformity.prefab
  artifactKey: Guid(287bd32fa5d85e54d9018ce3b5f4ff7e) Importer(815301076,1909f56bfc062723c751e8b465ee728b)
Start importing Assets/Prefabs/Deformity.prefab using Guid(287bd32fa5d85e54d9018ce3b5f4ff7e) Importer(815301076,1909f56bfc062723c751e8b465ee728b)  -> (artifact id: '66a82e6ddc156f3c2a12bcbdb247932c') in 0.005626 seconds
Number of updated asset objects reloaded before import = 0
Number of asset objects unloaded after import = 140
========================================================================
Received Import Request.
  Time since last request: 2.248861 seconds.
  path: Assets/Prefabs/Deformity.prefab
  artifactKey: Guid(287bd32fa5d85e54d9018ce3b5f4ff7e) Importer(815301076,1909f56bfc062723c751e8b465ee728b)
Start importing Assets/Prefabs/Deformity.prefab using Guid(287bd32fa5d85e54d9018ce3b5f4ff7e) Importer(815301076,1909f56bfc062723c751e8b465ee728b)  -> (artifact id: '8f0469feb390dbfebef4d45c2c5c2dc5') in 0.006931 seconds
Number of updated asset objects reloaded before import = 0
Number of asset objects unloaded after import = 140
========================================================================
Received Import Request.
  Time since last request: 11.928728 seconds.
  path: Assets/Prefabs/Deformity.prefab
  artifactKey: Guid(287bd32fa5d85e54d9018ce3b5f4ff7e) Importer(815301076,1909f56bfc062723c751e8b465ee728b)
Start importing Assets/Prefabs/Deformity.prefab using Guid(287bd32fa5d85e54d9018ce3b5f4ff7e) Importer(815301076,1909f56bfc062723c751e8b465ee728b)  -> (artifact id: '04671e7abe5b32ef06a74f51d7c384a3') in 0.011282 seconds
Number of updated asset objects reloaded before import = 0
Number of asset objects unloaded after import = 140
========================================================================
Received Import Request.
  Time since last request: 11.272213 seconds.
  path: Assets/Prefabs/Deformity.prefab
  artifactKey: Guid(287bd32fa5d85e54d9018ce3b5f4ff7e) Importer(815301076,1909f56bfc062723c751e8b465ee728b)
Start importing Assets/Prefabs/Deformity.prefab using Guid(287bd32fa5d85e54d9018ce3b5f4ff7e) Importer(815301076,1909f56bfc062723c751e8b465ee728b)  -> (artifact id: '112dac9269b143ff8686e29dbf9f826d') in 0.004380 seconds
Number of updated asset objects reloaded before import = 0
Number of asset objects unloaded after import = 140
========================================================================
Received Import Request.
  Time since last request: 3.724167 seconds.
  path: Assets/Prefabs/Deformity.prefab
  artifactKey: Guid(287bd32fa5d85e54d9018ce3b5f4ff7e) Importer(815301076,1909f56bfc062723c751e8b465ee728b)
Start importing Assets/Prefabs/Deformity.prefab using Guid(287bd32fa5d85e54d9018ce3b5f4ff7e) Importer(815301076,1909f56bfc062723c751e8b465ee728b)  -> (artifact id: 'ad4f8f58ffe436a7ff9985de9937caaf') in 0.004191 seconds
Number of updated asset objects reloaded before import = 0
Number of asset objects unloaded after import = 131
========================================================================
Received Import Request.
  Time since last request: 4.527547 seconds.
  path: Assets/Prefabs/Deformity.prefab
  artifactKey: Guid(287bd32fa5d85e54d9018ce3b5f4ff7e) Importer(815301076,1909f56bfc062723c751e8b465ee728b)
Start importing Assets/Prefabs/Deformity.prefab using Guid(287bd32fa5d85e54d9018ce3b5f4ff7e) Importer(815301076,1909f56bfc062723c751e8b465ee728b)  -> (artifact id: 'd43fac7ddab00306dbcbc47836bf4720') in 0.006668 seconds
Number of updated asset objects reloaded before import = 0
Number of asset objects unloaded after import = 122
========================================================================
Received Import Request.
  Time since last request: 2.481715 seconds.
  path: Assets/Prefabs/Deformity.prefab
  artifactKey: Guid(287bd32fa5d85e54d9018ce3b5f4ff7e) Importer(815301076,1909f56bfc062723c751e8b465ee728b)
Start importing Assets/Prefabs/Deformity.prefab using Guid(287bd32fa5d85e54d9018ce3b5f4ff7e) Importer(815301076,1909f56bfc062723c751e8b465ee728b)  -> (artifact id: '7f3c9b8762d5f9775ba6b2c43ab081a0') in 0.005045 seconds
Number of updated asset objects reloaded before import = 0
Number of asset objects unloaded after import = 113
========================================================================
Received Import Request.
  Time since last request: 11.395329 seconds.
  path: Assets/Prefabs/Deformity.prefab
  artifactKey: Guid(287bd32fa5d85e54d9018ce3b5f4ff7e) Importer(815301076,1909f56bfc062723c751e8b465ee728b)
Start importing Assets/Prefabs/Deformity.prefab using Guid(287bd32fa5d85e54d9018ce3b5f4ff7e) Importer(815301076,1909f56bfc062723c751e8b465ee728b)  -> (artifact id: '289b074d5d0532b4cfb952cef24b949a') in 0.006128 seconds
Number of updated asset objects reloaded before import = 0
Number of asset objects unloaded after import = 113
========================================================================
Received Import Request.
  Time since last request: 1.895238 seconds.
  path: Assets/Prefabs/Deformity.prefab
  artifactKey: Guid(287bd32fa5d85e54d9018ce3b5f4ff7e) Importer(815301076,1909f56bfc062723c751e8b465ee728b)
Start importing Assets/Prefabs/Deformity.prefab using Guid(287bd32fa5d85e54d9018ce3b5f4ff7e) Importer(815301076,1909f56bfc062723c751e8b465ee728b)  -> (artifact id: '2e92c47cf982d0aec3e2ec302fd429f9') in 0.005371 seconds
Number of updated asset objects reloaded before import = 0
Number of asset objects unloaded after import = 104
========================================================================
Received Import Request.
  Time since last request: 5.524790 seconds.
  path: Assets/Prefabs/Deformity.prefab
  artifactKey: Guid(287bd32fa5d85e54d9018ce3b5f4ff7e) Importer(815301076,1909f56bfc062723c751e8b465ee728b)
Start importing Assets/Prefabs/Deformity.prefab using Guid(287bd32fa5d85e54d9018ce3b5f4ff7e) Importer(815301076,1909f56bfc062723c751e8b465ee728b)  -> (artifact id: 'c3df97a15f764f9d7dd8bf7e416f6d21') in 0.003859 seconds
Number of updated asset objects reloaded before import = 0
Number of asset objects unloaded after import = 104
========================================================================
Received Import Request.
  Time since last request: 1.888095 seconds.
  path: Assets/Prefabs/Deformity.prefab
  artifactKey: Guid(287bd32fa5d85e54d9018ce3b5f4ff7e) Importer(815301076,1909f56bfc062723c751e8b465ee728b)
Start importing Assets/Prefabs/Deformity.prefab using Guid(287bd32fa5d85e54d9018ce3b5f4ff7e) Importer(815301076,1909f56bfc062723c751e8b465ee728b)  -> (artifact id: '01f304c2617da41eeaf2474f14c690c5') in 0.005571 seconds
Number of updated asset objects reloaded before import = 0
Number of asset objects unloaded after import = 104
========================================================================
Received Import Request.
  Time since last request: 5.508418 seconds.
  path: Assets/Prefabs/Deformity.prefab
  artifactKey: Guid(287bd32fa5d85e54d9018ce3b5f4ff7e) Importer(815301076,1909f56bfc062723c751e8b465ee728b)
Start importing Assets/Prefabs/Deformity.prefab using Guid(287bd32fa5d85e54d9018ce3b5f4ff7e) Importer(815301076,1909f56bfc062723c751e8b465ee728b)  -> (artifact id: '847d9b8539b0db6152c412ca4b3efe6a') in 0.004821 seconds
Number of updated asset objects reloaded before import = 0
Number of asset objects unloaded after import = 104
========================================================================
Received Import Request.
  Time since last request: 3.517100 seconds.
  path: Assets/Prefabs/Deformity.prefab
  artifactKey: Guid(287bd32fa5d85e54d9018ce3b5f4ff7e) Importer(815301076,1909f56bfc062723c751e8b465ee728b)
Start importing Assets/Prefabs/Deformity.prefab using Guid(287bd32fa5d85e54d9018ce3b5f4ff7e) Importer(815301076,1909f56bfc062723c751e8b465ee728b)  -> (artifact id: 'b8c2fb11a33165a1a73a9bb07a002bf5') in 0.005435 seconds
Number of updated asset objects reloaded before import = 0
Number of asset objects unloaded after import = 104
========================================================================
Received Import Request.
  Time since last request: 2.324742 seconds.
  path: Assets/Prefabs/Deformity.prefab
  artifactKey: Guid(287bd32fa5d85e54d9018ce3b5f4ff7e) Importer(815301076,1909f56bfc062723c751e8b465ee728b)
Start importing Assets/Prefabs/Deformity.prefab using Guid(287bd32fa5d85e54d9018ce3b5f4ff7e) Importer(815301076,1909f56bfc062723c751e8b465ee728b)  -> (artifact id: '7dc3cce717718137602975a377f288a6') in 0.005608 seconds
Number of updated asset objects reloaded before import = 0
Number of asset objects unloaded after import = 104
========================================================================
Received Import Request.
  Time since last request: 3.275349 seconds.
  path: Assets/Prefabs/Deformity.prefab
  artifactKey: Guid(287bd32fa5d85e54d9018ce3b5f4ff7e) Importer(815301076,1909f56bfc062723c751e8b465ee728b)
Start importing Assets/Prefabs/Deformity.prefab using Guid(287bd32fa5d85e54d9018ce3b5f4ff7e) Importer(815301076,1909f56bfc062723c751e8b465ee728b)  -> (artifact id: '983d55493c53577d4d87b4a1d6606252') in 0.004218 seconds
Number of updated asset objects reloaded before import = 0
Number of asset objects unloaded after import = 104
========================================================================
Received Import Request.
  Time since last request: 3.690579 seconds.
  path: Assets/Prefabs/Deformity.prefab
  artifactKey: Guid(287bd32fa5d85e54d9018ce3b5f4ff7e) Importer(815301076,1909f56bfc062723c751e8b465ee728b)
Start importing Assets/Prefabs/Deformity.prefab using Guid(287bd32fa5d85e54d9018ce3b5f4ff7e) Importer(815301076,1909f56bfc062723c751e8b465ee728b)  -> (artifact id: '0d08961b250e93295987b73e1d98639e') in 0.002971 seconds
Number of updated asset objects reloaded before import = 0
Number of asset objects unloaded after import = 79
========================================================================
Received Import Request.
  Time since last request: 11.806152 seconds.
  path: Assets/Prefabs/Deformity.prefab
  artifactKey: Guid(287bd32fa5d85e54d9018ce3b5f4ff7e) Importer(815301076,1909f56bfc062723c751e8b465ee728b)
Start importing Assets/Prefabs/Deformity.prefab using Guid(287bd32fa5d85e54d9018ce3b5f4ff7e) Importer(815301076,1909f56bfc062723c751e8b465ee728b)  -> (artifact id: '2d53d88f6bd13b58d3607fda3802ab72') in 0.002535 seconds
Number of updated asset objects reloaded before import = 0
Number of asset objects unloaded after import = 75
========================================================================
Received Import Request.
  Time since last request: 47.383182 seconds.
  path: Assets/Prefabs/Deformity.prefab
  artifactKey: Guid(287bd32fa5d85e54d9018ce3b5f4ff7e) Importer(815301076,1909f56bfc062723c751e8b465ee728b)
Start importing Assets/Prefabs/Deformity.prefab using Guid(287bd32fa5d85e54d9018ce3b5f4ff7e) Importer(815301076,1909f56bfc062723c751e8b465ee728b)  -> (artifact id: '90ce68e42328738718d7b6824a78a3b5') in 0.003533 seconds
Number of updated asset objects reloaded before import = 0
Number of asset objects unloaded after import = 75
========================================================================
Received Import Request.
  Time since last request: 3.059077 seconds.
  path: Assets/Prefabs/Deformity.prefab
  artifactKey: Guid(287bd32fa5d85e54d9018ce3b5f4ff7e) Importer(815301076,1909f56bfc062723c751e8b465ee728b)
Start importing Assets/Prefabs/Deformity.prefab using Guid(287bd32fa5d85e54d9018ce3b5f4ff7e) Importer(815301076,1909f56bfc062723c751e8b465ee728b)  -> (artifact id: 'b28d41c891f9cf6b0fd94c6dac416f95') in 0.004056 seconds
Number of updated asset objects reloaded before import = 0
Number of asset objects unloaded after import = 75
========================================================================
Received Import Request.
  Time since last request: 0.912601 seconds.
  path: Assets/Prefabs/Deformity.prefab
  artifactKey: Guid(287bd32fa5d85e54d9018ce3b5f4ff7e) Importer(815301076,1909f56bfc062723c751e8b465ee728b)
Start importing Assets/Prefabs/Deformity.prefab using Guid(287bd32fa5d85e54d9018ce3b5f4ff7e) Importer(815301076,1909f56bfc062723c751e8b465ee728b)  -> (artifact id: 'eb18a94a4e1cf76d921f14d9002b4bd4') in 0.004209 seconds
Number of updated asset objects reloaded before import = 0
Number of asset objects unloaded after import = 70
========================================================================
Received Import Request.
  Time since last request: 81.543328 seconds.
  path: Assets/Sprites/Panels/a_Background.psd
  artifactKey: Guid(e1b22fa38654fdb4fb7ba66962b5055f) Importer(815301076,1909f56bfc062723c751e8b465ee728b)
Start importing Assets/Sprites/Panels/a_Background.psd using Guid(e1b22fa38654fdb4fb7ba66962b5055f) Importer(815301076,1909f56bfc062723c751e8b465ee728b)  -> (artifact id: 'b7c901e4b003d529ebf8b20bf68cd91c') in 0.146034 seconds
Number of updated asset objects reloaded before import = 0
Number of asset objects unloaded after import = 3
========================================================================
Received Import Request.
  Time since last request: 0.000015 seconds.
  path: Assets/Sprites/Panels/Newborns %.psd
  artifactKey: Guid(dd1523ada731da744b9427086553d57c) Importer(815301076,1909f56bfc062723c751e8b465ee728b)
Start importing Assets/Sprites/Panels/Newborns %.psd using Guid(dd1523ada731da744b9427086553d57c) Importer(815301076,1909f56bfc062723c751e8b465ee728b)  -> (artifact id: 'f3dd7039e9da05cef2029044520ad94c') in 0.056543 seconds
Number of updated asset objects reloaded before import = 0
Number of asset objects unloaded after import = 3
========================================================================
Received Import Request.
  Time since last request: 0.000031 seconds.
  path: Assets/Sprites/Panels/a_DifficultySelectorV2_1.psd
  artifactKey: Guid(c48cab9125cb22c409d406ffd13c41d7) Importer(815301076,1909f56bfc062723c751e8b465ee728b)
Start importing Assets/Sprites/Panels/a_DifficultySelectorV2_1.psd using Guid(c48cab9125cb22c409d406ffd13c41d7) Importer(815301076,1909f56bfc062723c751e8b465ee728b)  -> (artifact id: 'fe3656a8b1f0f052b31700c761121027') in 0.026350 seconds
Number of updated asset objects reloaded before import = 0
Number of asset objects unloaded after import = 3
========================================================================
Received Import Request.
  Time since last request: 0.000020 seconds.
  path: Assets/Sprites/Panels/a_Level1-10.psd
  artifactKey: Guid(bab456e083a5270468fa7ad408ff7d42) Importer(815301076,1909f56bfc062723c751e8b465ee728b)
Start importing Assets/Sprites/Panels/a_Level1-10.psd using Guid(bab456e083a5270468fa7ad408ff7d42) Importer(815301076,1909f56bfc062723c751e8b465ee728b)  -> (artifact id: '0508bf603e2a0fab9c0f9ac4f33b2ab6') in 0.022625 seconds
Number of updated asset objects reloaded before import = 0
Number of asset objects unloaded after import = 3
========================================================================
Received Import Request.
  Time since last request: 0.000014 seconds.
  path: Assets/Sprites/Panels/Neurological problem.psd
  artifactKey: Guid(3f7863da28108c54b99ca1ba6d2153f2) Importer(815301076,1909f56bfc062723c751e8b465ee728b)
Start importing Assets/Sprites/Panels/Neurological problem.psd using Guid(3f7863da28108c54b99ca1ba6d2153f2) Importer(815301076,1909f56bfc062723c751e8b465ee728b)  -> (artifact id: '5f31825b473b441af50cd43cba687465') in 0.022439 seconds
Number of updated asset objects reloaded before import = 0
Number of asset objects unloaded after import = 3
========================================================================
Received Import Request.
  Time since last request: 0.000018 seconds.
  path: Assets/Sprites/Panels/Imaging Technique.psd
  artifactKey: Guid(f3010c15b072e534d97ef91bc6037192) Importer(815301076,1909f56bfc062723c751e8b465ee728b)
Start importing Assets/Sprites/Panels/Imaging Technique.psd using Guid(f3010c15b072e534d97ef91bc6037192) Importer(815301076,1909f56bfc062723c751e8b465ee728b)  -> (artifact id: '665a81d638ecfc131397ad67169ec425') in 0.019265 seconds
Number of updated asset objects reloaded before import = 0
Number of asset objects unloaded after import = 3
========================================================================
Received Import Request.
  Time since last request: 0.000013 seconds.
  path: Assets/Sprites/Panels/a_Normal Definition.psd
  artifactKey: Guid(fde00c6fd41f6ec4ba0f6416c1531e6e) Importer(815301076,1909f56bfc062723c751e8b465ee728b)
Start importing Assets/Sprites/Panels/a_Normal Definition.psd using Guid(fde00c6fd41f6ec4ba0f6416c1531e6e) Importer(815301076,1909f56bfc062723c751e8b465ee728b)  -> (artifact id: '4a853ba8a483fa44548c8d71d0cca9e2') in 0.021327 seconds
Number of updated asset objects reloaded before import = 0
Number of asset objects unloaded after import = 3
========================================================================
Received Import Request.
  Time since last request: 0.000013 seconds.
  path: Assets/Sprites/Panels/a_Cranial Deformities.psd
  artifactKey: Guid(c32cdd1dbd4b927409e66122beaca03d) Importer(815301076,1909f56bfc062723c751e8b465ee728b)
Start importing Assets/Sprites/Panels/a_Cranial Deformities.psd using Guid(c32cdd1dbd4b927409e66122beaca03d) Importer(815301076,1909f56bfc062723c751e8b465ee728b)  -> (artifact id: '9cd51b8447178cc37f6d8cef496d680e') in 0.020656 seconds
Number of updated asset objects reloaded before import = 0
Number of asset objects unloaded after import = 3
========================================================================
Received Import Request.
  Time since last request: 0.000013 seconds.
  path: Assets/Sprites/Panels/a_Scapho Definition.psd
  artifactKey: Guid(a950b127789ec5f4bb2edf0db1e9cce4) Importer(815301076,1909f56bfc062723c751e8b465ee728b)
Start importing Assets/Sprites/Panels/a_Scapho Definition.psd using Guid(a950b127789ec5f4bb2edf0db1e9cce4) Importer(815301076,1909f56bfc062723c751e8b465ee728b)  -> (artifact id: '291275546a4af9c136351de4537843fa') in 0.020760 seconds
Number of updated asset objects reloaded before import = 0
Number of asset objects unloaded after import = 3
========================================================================
Received Import Request.
  Time since last request: 0.000011 seconds.
  path: Assets/Sprites/Panels/a_Headshape information.psd
  artifactKey: Guid(9424650bb1d32194ebf13ff479a7d096) Importer(815301076,1909f56bfc062723c751e8b465ee728b)
Start importing Assets/Sprites/Panels/a_Headshape information.psd using Guid(9424650bb1d32194ebf13ff479a7d096) Importer(815301076,1909f56bfc062723c751e8b465ee728b)  -> (artifact id: '4ea767ece2223fc5491059fd2ebdf0c6') in 0.019468 seconds
Number of updated asset objects reloaded before import = 0
Number of asset objects unloaded after import = 3
========================================================================
Received Import Request.
  Time since last request: 40.592421 seconds.
  path: Assets/Sprites/Head Info/d_Brachycephaly.png
  artifactKey: Guid(693e5c389efa8b54bab5255b47095b91) Importer(815301076,1909f56bfc062723c751e8b465ee728b)
Start importing Assets/Sprites/Head Info/d_Brachycephaly.png using Guid(693e5c389efa8b54bab5255b47095b91) Importer(815301076,1909f56bfc062723c751e8b465ee728b)  -> (artifact id: '37733776974eff271e6de09f9c483e41') in 0.023762 seconds
Number of updated asset objects reloaded before import = 0
Number of asset objects unloaded after import = 3
========================================================================
Received Import Request.
  Time since last request: 0.000012 seconds.
  path: Assets/Sprites/Head Info/d_Scaphocephaly.png
  artifactKey: Guid(6b3e3d9ecb2988e4b9bba04d2ae0f41d) Importer(815301076,1909f56bfc062723c751e8b465ee728b)
Start importing Assets/Sprites/Head Info/d_Scaphocephaly.png using Guid(6b3e3d9ecb2988e4b9bba04d2ae0f41d) Importer(815301076,1909f56bfc062723c751e8b465ee728b)  -> (artifact id: 'b0b56ff784c63e34123a02d2642f9727') in 0.024002 seconds
Number of updated asset objects reloaded before import = 0
Number of asset objects unloaded after import = 3
========================================================================
Received Import Request.
  Time since last request: 38.647424 seconds.
  path: Assets/Sprites/Panels/a_Plagio Definition.psd
  artifactKey: Guid(cab15a671714c884f9996a021bf541cf) Importer(815301076,1909f56bfc062723c751e8b465ee728b)
Start importing Assets/Sprites/Panels/a_Plagio Definition.psd using Guid(cab15a671714c884f9996a021bf541cf) Importer(815301076,1909f56bfc062723c751e8b465ee728b)  -> (artifact id: '9625e7ad6e192a14b1bfc580a3de9337') in 0.021558 seconds
Number of updated asset objects reloaded before import = 0
Number of asset objects unloaded after import = 3
========================================================================
Received Import Request.
  Time since last request: 143.790508 seconds.
  path: Assets/Sprites/Panels/a_Normal Definition.psd
  artifactKey: Guid(fde00c6fd41f6ec4ba0f6416c1531e6e) Importer(815301076,1909f56bfc062723c751e8b465ee728b)
Start importing Assets/Sprites/Panels/a_Normal Definition.psd using Guid(fde00c6fd41f6ec4ba0f6416c1531e6e) Importer(815301076,1909f56bfc062723c751e8b465ee728b)  -> (artifact id: 'fc87345c823004c76e22f84d2725783c') in 0.015605 seconds
Number of updated asset objects reloaded before import = 0
Number of asset objects unloaded after import = 3
========================================================================
Received Import Request.
  Time since last request: 75.244054 seconds.
  path: Assets/Sprites/Panels/a_Scapho Definition.psd
  artifactKey: Guid(a950b127789ec5f4bb2edf0db1e9cce4) Importer(815301076,1909f56bfc062723c751e8b465ee728b)
Start importing Assets/Sprites/Panels/a_Scapho Definition.psd using Guid(a950b127789ec5f4bb2edf0db1e9cce4) Importer(815301076,1909f56bfc062723c751e8b465ee728b)  -> (artifact id: '62ca29bcedbf3a20a52b643fbe81bfb1') in 0.017768 seconds
Number of updated asset objects reloaded before import = 0
Number of asset objects unloaded after import = 3
========================================================================
Received Import Request.
  Time since last request: 155.231349 seconds.
  path: Assets/Sprites/Panels/a_Brachy Definition.psd
  artifactKey: Guid(ef5df167ec428cb4e9c96d714ed9ab51) Importer(815301076,1909f56bfc062723c751e8b465ee728b)
Start importing Assets/Sprites/Panels/a_Brachy Definition.psd using Guid(ef5df167ec428cb4e9c96d714ed9ab51) Importer(815301076,1909f56bfc062723c751e8b465ee728b)  -> (artifact id: '764a3b9c42c98207a0224730d14a7500') in 0.022132 seconds
Number of updated asset objects reloaded before import = 0
Number of asset objects unloaded after import = 3
========================================================================
Received Import Request.
  Time since last request: 202.761442 seconds.
  path: Assets/Sprites/Panels/a_Combined Definition.psd
  artifactKey: Guid(4d289216b4c8a324a91a1eb41dd94141) Importer(815301076,1909f56bfc062723c751e8b465ee728b)
Start importing Assets/Sprites/Panels/a_Combined Definition.psd using Guid(4d289216b4c8a324a91a1eb41dd94141) Importer(815301076,1909f56bfc062723c751e8b465ee728b)  -> (artifact id: '9a22d36f88443f5e7bd43814108e70e3') in 0.019519 seconds
Number of updated asset objects reloaded before import = 0
Number of asset objects unloaded after import = 3
========================================================================
Received Import Request.
  Time since last request: 292.262796 seconds.
  path: Assets/Scenes/a_Easy Levels/Easy_L1.unity
  artifactKey: Guid(d3561f7e5674f17449b5cff236c2c649) Importer(815301076,1909f56bfc062723c751e8b465ee728b)
Start importing Assets/Scenes/a_Easy Levels/Easy_L1.unity using Guid(d3561f7e5674f17449b5cff236c2c649) Importer(815301076,1909f56bfc062723c751e8b465ee728b)  -> (artifact id: 'deeccdb2de510975a9de9557c06de309') in 0.000578 seconds
Number of updated asset objects reloaded before import = 0
Number of asset objects unloaded after import = 0
========================================================================
Received Import Request.
  Time since last request: 63.687269 seconds.
  path: Assets/Sprites/Buttons/CorrectPanel.psd
  artifactKey: Guid(a56e0be5ee143054b86c6c0558a5ac33) Importer(815301076,1909f56bfc062723c751e8b465ee728b)
Start importing Assets/Sprites/Buttons/CorrectPanel.psd using Guid(a56e0be5ee143054b86c6c0558a5ac33) Importer(815301076,1909f56bfc062723c751e8b465ee728b)  -> (artifact id: 'ecda5df88d31a8711f57be9393b83c9b') in 0.040464 seconds
Number of updated asset objects reloaded before import = 0
Number of asset objects unloaded after import = 3
========================================================================
Received Import Request.
  Time since last request: 0.000015 seconds.
  path: Assets/Sprites/Buttons/Ui_Info Button.psd
  artifactKey: Guid(575ae401e80dfea489b3bec1fe7e942a) Importer(815301076,1909f56bfc062723c751e8b465ee728b)
Start importing Assets/Sprites/Buttons/Ui_Info Button.psd using Guid(575ae401e80dfea489b3bec1fe7e942a) Importer(815301076,1909f56bfc062723c751e8b465ee728b)  -> (artifact id: 'c89e83b6b856b51a60f3c13692f6e363') in 0.028132 seconds
Number of updated asset objects reloaded before import = 0
Number of asset objects unloaded after import = 3
========================================================================
Received Import Request.
  Time since last request: 0.000017 seconds.
  path: Assets/Sprites/Buttons/Ui_Left Arrow Button.psd
  artifactKey: Guid(462bef3028abf9e4d9750fb65273d5b3) Importer(815301076,1909f56bfc062723c751e8b465ee728b)
Start importing Assets/Sprites/Buttons/Ui_Left Arrow Button.psd using Guid(462bef3028abf9e4d9750fb65273d5b3) Importer(815301076,1909f56bfc062723c751e8b465ee728b)  -> (artifact id: '4e5ec2579772b871b906e57d6534fa92') in 0.022168 seconds
Number of updated asset objects reloaded before import = 0
Number of asset objects unloaded after import = 3
========================================================================
Received Import Request.
  Time since last request: 0.000014 seconds.
  path: Assets/Sprites/Buttons/Ui_Pause Button.psd
  artifactKey: Guid(34b23840c8f749249ae3e6229c8f034e) Importer(815301076,1909f56bfc062723c751e8b465ee728b)
Start importing Assets/Sprites/Buttons/Ui_Pause Button.psd using Guid(34b23840c8f749249ae3e6229c8f034e) Importer(815301076,1909f56bfc062723c751e8b465ee728b)  -> (artifact id: '359325056eb42dcbb0180f60a606d284') in 0.019469 seconds
Number of updated asset objects reloaded before import = 0
Number of asset objects unloaded after import = 3
========================================================================
Received Prepare
Begin MonoManager ReloadAssembly
- Loaded All Assemblies, in  0.563 seconds
Refreshing native plugins compatible for Editor in 7.24 ms, found 3 plugins.
Native extension for WindowsStandalone target not found
Native extension for iOS target not found
Native extension for Android target not found
[Package Manager] Server::EnsureServerProcessIsRunning -- launch failed, reason: Unity was launched with the -noUpm command-line argument
[Package Manager] UpmClient::Send -- Unable to send message (not connected to UPM process).
[Package Manager] Cannot connect to Unity Package Manager local server
Mono: successfully reloaded assembly
[Package Manager] Server::EnsureServerProcessIsRunning -- launch failed, reason: Unity was launched with the -noUpm command-line argument
[Package Manager] UpmClient::Send -- Unable to send message (not connected to UPM process).
[Package Manager] Cannot connect to Unity Package Manager local server
- Finished resetting the current domain, in  1.358 seconds
Domain Reload Profiling: 1917ms
	BeginReloadAssembly (199ms)
		ExecutionOrderSort (0ms)
		DisableScriptedObjects (5ms)
		BackupInstance (0ms)
		ReleaseScriptingObjects (0ms)
		CreateAndSetChildDomain (44ms)
	RebuildCommonClasses (46ms)
	RebuildNativeTypeToScriptingClass (18ms)
	initialDomainReloadingComplete (38ms)
	LoadAllAssembliesAndSetupDomain (257ms)
		LoadAssemblies (357ms)
		RebuildTransferFunctionScriptingTraits (0ms)
		AnalyzeDomain (13ms)
			TypeCache.Refresh (6ms)
				TypeCache.ScanAssembly (0ms)
			ScanForSourceGeneratedMonoScriptInfo (0ms)
			ResolveRequiredComponents (6ms)
	FinalizeReload (1359ms)
		ReleaseScriptCaches (0ms)
		RebuildScriptCaches (0ms)
		SetupLoadedEditorAssemblies (593ms)
			LogAssemblyErrors (0ms)
			InitializePlatformSupportModulesInManaged (52ms)
			SetLoadedEditorAssemblies (7ms)
			RefreshPlugins (0ms)
			BeforeProcessingInitializeOnLoad (95ms)
			ProcessInitializeOnLoadAttributes (398ms)
			ProcessInitializeOnLoadMethodAttributes (27ms)
			AfterProcessingInitializeOnLoad (13ms)
			EditorAssembliesLoaded (0ms)
		ExecutionOrderSort2 (0ms)
		AwakeInstancesAfterBackupRestoration (9ms)
Refreshing native plugins compatible for Editor in 8.01 ms, found 3 plugins.
Preloading 0 native plugins for Editor in 0.00 ms.
Unloading 3197 Unused Serialized files (Serialized files now loaded: 0)
Unloading 34 unused Assets / (37.0 KB). Loaded Objects now: 3696.
Memory consumption went from 139.3 MB to 139.3 MB.
Total: 3.324300 ms (FindLiveObjects: 0.300700 ms CreateObjectMapping: 0.311100 ms MarkObjects: 2.651100 ms  DeleteObjects: 0.060600 ms)

Prepare: number of updated asset objects reloaded= 0
AssetImportParameters requested are different than current active one (requested -> active):
  custom:container-demuxer-ogg: 62fdf1f143b41e24485cea50d1cbac27 -> 
  custom:video-decoder-ogg-theora: a1e56fd34408186e4bbccfd4996cb3dc -> 
  custom:framework-win-MediaFoundation: 216162199b28c13a410421893ffa2e32 -> 
  custom:CustomObjectIndexerAttribute: 43b350a4d6e6d1791af0b5038c4bea17 -> 
  custom:container-demuxer-webm: 4f35f7cbe854078d1ac9338744f61a02 -> 
  custom:container-muxer-webm: aa71ff27fc2769a1b78a27578f13a17b -> 
  custom:video-decoder-webm-vp8: 9c59270c3fd7afecdb556c50c9e8de78 -> 
  custom:SearchIndexIgnoredProperties: e643bd26f0fe6173181afceb89e7c659 -> 
  custom:AudioImporter_EditorPlatform: d09bf68614088b80899f8185d706f6e7 -> 
  custom:video-encoder-webm-vp8: eb34c28f22e8b96e1ab97ce403110664 -> 
  custom:audio-decoder-ogg-vorbis: bf7c407c2cedff20999df2af8eb42d56 -> 
  custom:audio-encoder-webm-vorbis: bf7c407c2cedff20999df2af8eb42d56 -> 
========================================================================
Received Prepare
Begin MonoManager ReloadAssembly
- Loaded All Assemblies, in  0.607 seconds
Refreshing native plugins compatible for Editor in 7.83 ms, found 3 plugins.
Native extension for WindowsStandalone target not found
Native extension for iOS target not found
Native extension for Android target not found
[Package Manager] Server::EnsureServerProcessIsRunning -- launch failed, reason: Unity was launched with the -noUpm command-line argument
[Package Manager] UpmClient::Send -- Unable to send message (not connected to UPM process).
[Package Manager] Cannot connect to Unity Package Manager local server
Mono: successfully reloaded assembly
[Package Manager] Server::EnsureServerProcessIsRunning -- launch failed, reason: Unity was launched with the -noUpm command-line argument
[Package Manager] UpmClient::Send -- Unable to send message (not connected to UPM process).
[Package Manager] Cannot connect to Unity Package Manager local server
- Finished resetting the current domain, in  1.205 seconds
Domain Reload Profiling: 1807ms
	BeginReloadAssembly (201ms)
		ExecutionOrderSort (0ms)
		DisableScriptedObjects (8ms)
		BackupInstance (0ms)
		ReleaseScriptingObjects (0ms)
		CreateAndSetChildDomain (38ms)
	RebuildCommonClasses (50ms)
	RebuildNativeTypeToScriptingClass (18ms)
	initialDomainReloadingComplete (45ms)
	LoadAllAssembliesAndSetupDomain (288ms)
		LoadAssemblies (390ms)
		RebuildTransferFunctionScriptingTraits (0ms)
		AnalyzeDomain (16ms)
			TypeCache.Refresh (10ms)
				TypeCache.ScanAssembly (0ms)
			ScanForSourceGeneratedMonoScriptInfo (0ms)
			ResolveRequiredComponents (5ms)
	FinalizeReload (1205ms)
		ReleaseScriptCaches (0ms)
		RebuildScriptCaches (0ms)
		SetupLoadedEditorAssemblies (535ms)
			LogAssemblyErrors (0ms)
			InitializePlatformSupportModulesInManaged (48ms)
			SetLoadedEditorAssemblies (4ms)
			RefreshPlugins (0ms)
			BeforeProcessingInitializeOnLoad (83ms)
			ProcessInitializeOnLoadAttributes (358ms)
			ProcessInitializeOnLoadMethodAttributes (33ms)
			AfterProcessingInitializeOnLoad (10ms)
			EditorAssembliesLoaded (0ms)
		ExecutionOrderSort2 (0ms)
		AwakeInstancesAfterBackupRestoration (8ms)
Refreshing native plugins compatible for Editor in 7.91 ms, found 3 plugins.
Preloading 0 native plugins for Editor in 0.00 ms.
Unloading 3198 Unused Serialized files (Serialized files now loaded: 0)
Unloading 33 unused Assets / (36.2 KB). Loaded Objects now: 3699.
Memory consumption went from 141.5 MB to 141.5 MB.
Total: 3.788300 ms (FindLiveObjects: 0.282100 ms CreateObjectMapping: 0.312000 ms MarkObjects: 3.129100 ms  DeleteObjects: 0.063700 ms)

Prepare: number of updated asset objects reloaded= 0
AssetImportParameters requested are different than current active one (requested -> active):
  custom:container-demuxer-ogg: 62fdf1f143b41e24485cea50d1cbac27 -> 
  custom:video-decoder-ogg-theora: a1e56fd34408186e4bbccfd4996cb3dc -> 
  custom:framework-win-MediaFoundation: 216162199b28c13a410421893ffa2e32 -> 
  custom:CustomObjectIndexerAttribute: 43b350a4d6e6d1791af0b5038c4bea17 -> 
  custom:container-demuxer-webm: 4f35f7cbe854078d1ac9338744f61a02 -> 
  custom:container-muxer-webm: aa71ff27fc2769a1b78a27578f13a17b -> 
  custom:video-decoder-webm-vp8: 9c59270c3fd7afecdb556c50c9e8de78 -> 
  custom:SearchIndexIgnoredProperties: e643bd26f0fe6173181afceb89e7c659 -> 
  custom:AudioImporter_EditorPlatform: d09bf68614088b80899f8185d706f6e7 -> 
  custom:video-encoder-webm-vp8: eb34c28f22e8b96e1ab97ce403110664 -> 
  custom:audio-decoder-ogg-vorbis: bf7c407c2cedff20999df2af8eb42d56 -> 
  custom:audio-encoder-webm-vorbis: bf7c407c2cedff20999df2af8eb42d56 -> 
========================================================================
Received Prepare
Begin MonoManager ReloadAssembly
- Loaded All Assemblies, in  0.555 seconds
Refreshing native plugins compatible for Editor in 7.81 ms, found 3 plugins.
Native extension for WindowsStandalone target not found
Native extension for iOS target not found
Native extension for Android target not found
[Package Manager] Server::EnsureServerProcessIsRunning -- launch failed, reason: Unity was launched with the -noUpm command-line argument
[Package Manager] UpmClient::Send -- Unable to send message (not connected to UPM process).
[Package Manager] Cannot connect to Unity Package Manager local server
Mono: successfully reloaded assembly
[Package Manager] Server::EnsureServerProcessIsRunning -- launch failed, reason: Unity was launched with the -noUpm command-line argument
[Package Manager] UpmClient::Send -- Unable to send message (not connected to UPM process).
[Package Manager] Cannot connect to Unity Package Manager local server
- Finished resetting the current domain, in  1.150 seconds
Domain Reload Profiling: 1700ms
	BeginReloadAssembly (197ms)
		ExecutionOrderSort (0ms)
		DisableScriptedObjects (6ms)
		BackupInstance (0ms)
		ReleaseScriptingObjects (0ms)
		CreateAndSetChildDomain (34ms)
	RebuildCommonClasses (47ms)
	RebuildNativeTypeToScriptingClass (18ms)
	initialDomainReloadingComplete (37ms)
	LoadAllAssembliesAndSetupDomain (251ms)
		LoadAssemblies (358ms)
		RebuildTransferFunctionScriptingTraits (0ms)
		AnalyzeDomain (14ms)
			TypeCache.Refresh (8ms)
				TypeCache.ScanAssembly (0ms)
			ScanForSourceGeneratedMonoScriptInfo (0ms)
			ResolveRequiredComponents (5ms)
	FinalizeReload (1150ms)
		ReleaseScriptCaches (0ms)
		RebuildScriptCaches (0ms)
		SetupLoadedEditorAssemblies (510ms)
			LogAssemblyErrors (0ms)
			InitializePlatformSupportModulesInManaged (44ms)
			SetLoadedEditorAssemblies (4ms)
			RefreshPlugins (0ms)
			BeforeProcessingInitializeOnLoad (84ms)
			ProcessInitializeOnLoadAttributes (339ms)
			ProcessInitializeOnLoadMethodAttributes (28ms)
			AfterProcessingInitializeOnLoad (10ms)
			EditorAssembliesLoaded (0ms)
		ExecutionOrderSort2 (0ms)
		AwakeInstancesAfterBackupRestoration (9ms)
Refreshing native plugins compatible for Editor in 6.78 ms, found 3 plugins.
Preloading 0 native plugins for Editor in 0.00 ms.
Unloading 3198 Unused Serialized files (Serialized files now loaded: 0)
Unloading 33 unused Assets / (36.2 KB). Loaded Objects now: 3702.
Memory consumption went from 143.5 MB to 143.4 MB.
Total: 4.667700 ms (FindLiveObjects: 0.668600 ms CreateObjectMapping: 0.437200 ms MarkObjects: 3.503200 ms  DeleteObjects: 0.057800 ms)

Prepare: number of updated asset objects reloaded= 0
AssetImportParameters requested are different than current active one (requested -> active):
  custom:container-demuxer-ogg: 62fdf1f143b41e24485cea50d1cbac27 -> 
  custom:video-decoder-ogg-theora: a1e56fd34408186e4bbccfd4996cb3dc -> 
  custom:framework-win-MediaFoundation: 216162199b28c13a410421893ffa2e32 -> 
  custom:CustomObjectIndexerAttribute: 43b350a4d6e6d1791af0b5038c4bea17 -> 
  custom:container-demuxer-webm: 4f35f7cbe854078d1ac9338744f61a02 -> 
  custom:container-muxer-webm: aa71ff27fc2769a1b78a27578f13a17b -> 
  custom:video-decoder-webm-vp8: 9c59270c3fd7afecdb556c50c9e8de78 -> 
  custom:SearchIndexIgnoredProperties: e643bd26f0fe6173181afceb89e7c659 -> 
  custom:AudioImporter_EditorPlatform: d09bf68614088b80899f8185d706f6e7 -> 
  custom:video-encoder-webm-vp8: eb34c28f22e8b96e1ab97ce403110664 -> 
  custom:audio-decoder-ogg-vorbis: bf7c407c2cedff20999df2af8eb42d56 -> 
  custom:audio-encoder-webm-vorbis: bf7c407c2cedff20999df2af8eb42d56 -> 
========================================================================
Received Prepare
Begin MonoManager ReloadAssembly
- Loaded All Assemblies, in  0.602 seconds
Refreshing native plugins compatible for Editor in 6.69 ms, found 3 plugins.
Native extension for WindowsStandalone target not found
Native extension for iOS target not found
Native extension for Android target not found
[Package Manager] Server::EnsureServerProcessIsRunning -- launch failed, reason: Unity was launched with the -noUpm command-line argument
[Package Manager] UpmClient::Send -- Unable to send message (not connected to UPM process).
[Package Manager] Cannot connect to Unity Package Manager local server
Mono: successfully reloaded assembly
[Package Manager] Server::EnsureServerProcessIsRunning -- launch failed, reason: Unity was launched with the -noUpm command-line argument
[Package Manager] UpmClient::Send -- Unable to send message (not connected to UPM process).
[Package Manager] Cannot connect to Unity Package Manager local server
- Finished resetting the current domain, in  1.866 seconds
Domain Reload Profiling: 2464ms
	BeginReloadAssembly (198ms)
		ExecutionOrderSort (0ms)
		DisableScriptedObjects (6ms)
		BackupInstance (0ms)
		ReleaseScriptingObjects (0ms)
		CreateAndSetChildDomain (32ms)
	RebuildCommonClasses (49ms)
	RebuildNativeTypeToScriptingClass (11ms)
	initialDomainReloadingComplete (36ms)
	LoadAllAssembliesAndSetupDomain (304ms)
		LoadAssemblies (415ms)
		RebuildTransferFunctionScriptingTraits (0ms)
		AnalyzeDomain (14ms)
			TypeCache.Refresh (7ms)
				TypeCache.ScanAssembly (0ms)
			ScanForSourceGeneratedMonoScriptInfo (0ms)
			ResolveRequiredComponents (6ms)
	FinalizeReload (1867ms)
		ReleaseScriptCaches (0ms)
		RebuildScriptCaches (0ms)
		SetupLoadedEditorAssemblies (497ms)
			LogAssemblyErrors (0ms)
			InitializePlatformSupportModulesInManaged (46ms)
			SetLoadedEditorAssemblies (4ms)
			RefreshPlugins (0ms)
			BeforeProcessingInitializeOnLoad (81ms)
			ProcessInitializeOnLoadAttributes (327ms)
			ProcessInitializeOnLoadMethodAttributes (29ms)
			AfterProcessingInitializeOnLoad (10ms)
			EditorAssembliesLoaded (0ms)
		ExecutionOrderSort2 (0ms)
		AwakeInstancesAfterBackupRestoration (9ms)
Refreshing native plugins compatible for Editor in 7.70 ms, found 3 plugins.
Preloading 0 native plugins for Editor in 0.00 ms.
Unloading 3198 Unused Serialized files (Serialized files now loaded: 0)
Unloading 33 unused Assets / (36.2 KB). Loaded Objects now: 3705.
Memory consumption went from 145.4 MB to 145.4 MB.
Total: 3.533000 ms (FindLiveObjects: 0.341600 ms CreateObjectMapping: 0.384000 ms MarkObjects: 2.722900 ms  DeleteObjects: 0.084000 ms)

Prepare: number of updated asset objects reloaded= 0
AssetImportParameters requested are different than current active one (requested -> active):
  custom:container-demuxer-ogg: 62fdf1f143b41e24485cea50d1cbac27 -> 
  custom:video-decoder-ogg-theora: a1e56fd34408186e4bbccfd4996cb3dc -> 
  custom:framework-win-MediaFoundation: 216162199b28c13a410421893ffa2e32 -> 
  custom:CustomObjectIndexerAttribute: 43b350a4d6e6d1791af0b5038c4bea17 -> 
  custom:container-demuxer-webm: 4f35f7cbe854078d1ac9338744f61a02 -> 
  custom:container-muxer-webm: aa71ff27fc2769a1b78a27578f13a17b -> 
  custom:video-decoder-webm-vp8: 9c59270c3fd7afecdb556c50c9e8de78 -> 
  custom:SearchIndexIgnoredProperties: e643bd26f0fe6173181afceb89e7c659 -> 
  custom:AudioImporter_EditorPlatform: d09bf68614088b80899f8185d706f6e7 -> 
  custom:video-encoder-webm-vp8: eb34c28f22e8b96e1ab97ce403110664 -> 
  custom:audio-decoder-ogg-vorbis: bf7c407c2cedff20999df2af8eb42d56 -> 
  custom:audio-encoder-webm-vorbis: bf7c407c2cedff20999df2af8eb42d56 -> 
========================================================================
Received Import Request.
  Time since last request: 4092.367486 seconds.
  path: Assets/Prefabs/Canvas.prefab
  artifactKey: Guid(aa663d07ce986f74c92f82edf1d69b9d) Importer(815301076,1909f56bfc062723c751e8b465ee728b)
Start importing Assets/Prefabs/Canvas.prefab using Guid(aa663d07ce986f74c92f82edf1d69b9d) Importer(815301076,1909f56bfc062723c751e8b465ee728b)  -> (artifact id: '983851305fcbf7225d5a73e50965f0aa') in 0.055032 seconds
Number of updated asset objects reloaded before import = 0
Number of asset objects unloaded after import = 58
========================================================================
Received Import Request.
  Time since last request: 18.496208 seconds.
  path: Assets/Prefabs/Cranial Deformities.prefab
  artifactKey: Guid(0c07e6a3a22b6b048bbf468b2318dd2e) Importer(815301076,1909f56bfc062723c751e8b465ee728b)
Start importing Assets/Prefabs/Cranial Deformities.prefab using Guid(0c07e6a3a22b6b048bbf468b2318dd2e) Importer(815301076,1909f56bfc062723c751e8b465ee728b)  -> (artifact id: '20e04640468832795df1f8c402733292') in 0.004748 seconds
Number of updated asset objects reloaded before import = 0
Number of asset objects unloaded after import = 38
========================================================================
Received Prepare
Begin MonoManager ReloadAssembly
- Loaded All Assemblies, in  0.541 seconds
Refreshing native plugins compatible for Editor in 6.88 ms, found 3 plugins.
Native extension for WindowsStandalone target not found
Native extension for iOS target not found
Native extension for Android target not found
[Package Manager] Server::EnsureServerProcessIsRunning -- launch failed, reason: Unity was launched with the -noUpm command-line argument
[Package Manager] UpmClient::Send -- Unable to send message (not connected to UPM process).
[Package Manager] Cannot connect to Unity Package Manager local server
Mono: successfully reloaded assembly
[Package Manager] Server::EnsureServerProcessIsRunning -- launch failed, reason: Unity was launched with the -noUpm command-line argument
[Package Manager] UpmClient::Send -- Unable to send message (not connected to UPM process).
[Package Manager] Cannot connect to Unity Package Manager local server
- Finished resetting the current domain, in  1.170 seconds
Domain Reload Profiling: 1706ms
	BeginReloadAssembly (191ms)
		ExecutionOrderSort (0ms)
		DisableScriptedObjects (6ms)
		BackupInstance (0ms)
		ReleaseScriptingObjects (0ms)
		CreateAndSetChildDomain (41ms)
	RebuildCommonClasses (51ms)
	RebuildNativeTypeToScriptingClass (13ms)
	initialDomainReloadingComplete (36ms)
	LoadAllAssembliesAndSetupDomain (245ms)
		LoadAssemblies (338ms)
		RebuildTransferFunctionScriptingTraits (0ms)
		AnalyzeDomain (16ms)
			TypeCache.Refresh (7ms)
				TypeCache.ScanAssembly (0ms)
			ScanForSourceGeneratedMonoScriptInfo (0ms)
			ResolveRequiredComponents (8ms)
	FinalizeReload (1170ms)
		ReleaseScriptCaches (0ms)
		RebuildScriptCaches (0ms)
		SetupLoadedEditorAssemblies (516ms)
			LogAssemblyErrors (0ms)
			InitializePlatformSupportModulesInManaged (48ms)
			SetLoadedEditorAssemblies (4ms)
			RefreshPlugins (0ms)
			BeforeProcessingInitializeOnLoad (92ms)
			ProcessInitializeOnLoadAttributes (330ms)
			ProcessInitializeOnLoadMethodAttributes (32ms)
			AfterProcessingInitializeOnLoad (11ms)
			EditorAssembliesLoaded (0ms)
		ExecutionOrderSort2 (0ms)
		AwakeInstancesAfterBackupRestoration (7ms)
Refreshing native plugins compatible for Editor in 11.83 ms, found 3 plugins.
Preloading 0 native plugins for Editor in 0.00 ms.
Unloading 3197 Unused Serialized files (Serialized files now loaded: 0)
Unloading 34 unused Assets / (36.9 KB). Loaded Objects now: 3708.
Memory consumption went from 147.1 MB to 147.1 MB.
Total: 4.876500 ms (FindLiveObjects: 0.374500 ms CreateObjectMapping: 0.408700 ms MarkObjects: 3.958000 ms  DeleteObjects: 0.133800 ms)

Prepare: number of updated asset objects reloaded= 0
AssetImportParameters requested are different than current active one (requested -> active):
  custom:container-demuxer-ogg: 62fdf1f143b41e24485cea50d1cbac27 -> 
  custom:video-decoder-ogg-theora: a1e56fd34408186e4bbccfd4996cb3dc -> 
  custom:framework-win-MediaFoundation: 216162199b28c13a410421893ffa2e32 -> 
  custom:CustomObjectIndexerAttribute: 43b350a4d6e6d1791af0b5038c4bea17 -> 
  custom:container-demuxer-webm: 4f35f7cbe854078d1ac9338744f61a02 -> 
  custom:container-muxer-webm: aa71ff27fc2769a1b78a27578f13a17b -> 
  custom:video-decoder-webm-vp8: 9c59270c3fd7afecdb556c50c9e8de78 -> 
  custom:SearchIndexIgnoredProperties: e643bd26f0fe6173181afceb89e7c659 -> 
  custom:AudioImporter_EditorPlatform: d09bf68614088b80899f8185d706f6e7 -> 
  custom:video-encoder-webm-vp8: eb34c28f22e8b96e1ab97ce403110664 -> 
  custom:audio-decoder-ogg-vorbis: bf7c407c2cedff20999df2af8eb42d56 -> 
  custom:audio-encoder-webm-vorbis: bf7c407c2cedff20999df2af8eb42d56 -> 
